  [1m[35m (289.1ms)[0m  [1m[35mCREATE DATABASE "transaction_app_development" ENCODING = 'unicode'[0m
  ↳ /home/ihar/.rvm/gems/ruby-2.5.1/bin/rake:23
  [1m[35m (230.1ms)[0m  [1m[35mCREATE DATABASE "transaction_app_test" ENCODING = 'unicode'[0m
  ↳ /home/ihar/.rvm/gems/ruby-2.5.1/bin/rake:23
Started GET "/" for ::1 at 2019-04-08 10:40:07 +0300
Processing by Rails::WelcomeController#index as HTML
  Rendering /home/ihar/.rvm/gems/ruby-2.5.1/gems/railties-5.2.3/lib/rails/templates/rails/welcome/index.html.erb
  Rendered /home/ihar/.rvm/gems/ruby-2.5.1/gems/railties-5.2.3/lib/rails/templates/rails/welcome/index.html.erb (3.6ms)
Completed 200 OK in 13ms (Views: 8.5ms | ActiveRecord: 0.0ms)


  [1m[35m (0.3ms)[0m  [1m[34mSELECT pg_try_advisory_lock(8580657166532318175)[0m
  ↳ /Users/wsd-127-71b/.rvm/gems/ruby-2.5.1/bin/rake:23
  [1m[35m (1.3ms)[0m  [1m[34mSELECT "schema_migrations"."version" FROM "schema_migrations" ORDER BY "schema_migrations"."version" ASC[0m
  ↳ /Users/wsd-127-71b/.rvm/gems/ruby-2.5.1/bin/rake:23
Migrating to DeviseCreateUsers (20190408074910)
  [1m[35m (0.3ms)[0m  [1m[35mBEGIN[0m
  ↳ /Users/wsd-127-71b/.rvm/gems/ruby-2.5.1/bin/rake:23
  [1m[35m (7.6ms)[0m  [1m[35mCREATE TABLE "users" ("id" bigserial primary key, "email" character varying DEFAULT '' NOT NULL, "encrypted_password" character varying DEFAULT '' NOT NULL, "remember_created_at" timestamp, "name" character varying, "created_at" timestamp NOT NULL, "updated_at" timestamp NOT NULL)[0m
  ↳ db/migrate/20190408074910_devise_create_users.rb:5
  [1m[35m (1.6ms)[0m  [1m[35mCREATE UNIQUE INDEX  "index_users_on_email" ON "users"  ("email")[0m
  ↳ db/migrate/20190408074910_devise_create_users.rb:40
  [1m[36mActiveRecord::SchemaMigration Create (0.9ms)[0m  [1m[32mINSERT INTO "schema_migrations" ("version") VALUES ($1) RETURNING "version"[0m  [["version", "20190408074910"]]
  ↳ /Users/wsd-127-71b/.rvm/gems/ruby-2.5.1/bin/rake:23
  [1m[35m (1.1ms)[0m  [1m[35mCOMMIT[0m
  ↳ /Users/wsd-127-71b/.rvm/gems/ruby-2.5.1/bin/rake:23
Migrating to AddCurrencyRefToWallet (20190408093427)
  [1m[35m (0.5ms)[0m  [1m[35mBEGIN[0m
  ↳ /Users/wsd-127-71b/.rvm/gems/ruby-2.5.1/bin/rake:23
  [1m[35m (1.2ms)[0m  [1m[35mALTER TABLE "wallets" ADD "currency_id" bigint[0m
  ↳ db/migrate/20190408093427_add_currency_ref_to_wallet.rb:3
  [1m[35m (3.1ms)[0m  [1m[35mCREATE  INDEX  "index_wallets_on_currency_id" ON "wallets"  ("currency_id")[0m
  ↳ db/migrate/20190408093427_add_currency_ref_to_wallet.rb:3
  [1m[35m (4.7ms)[0m  [1m[35mALTER TABLE "wallets" ADD CONSTRAINT "fk_rails_986da79e62"
FOREIGN KEY ("currency_id")
  REFERENCES "currencies" ("id")
[0m
  ↳ db/migrate/20190408093427_add_currency_ref_to_wallet.rb:3
  [1m[36mActiveRecord::SchemaMigration Create (0.4ms)[0m  [1m[32mINSERT INTO "schema_migrations" ("version") VALUES ($1) RETURNING "version"[0m  [["version", "20190408093427"]]
  ↳ /Users/wsd-127-71b/.rvm/gems/ruby-2.5.1/bin/rake:23
  [1m[35m (0.6ms)[0m  [1m[35mCOMMIT[0m
  ↳ /Users/wsd-127-71b/.rvm/gems/ruby-2.5.1/bin/rake:23
Migrating to CreateBankAccounts (20190408095059)
  [1m[35m (1.7ms)[0m  [1m[35mBEGIN[0m
  ↳ /Users/wsd-127-71b/.rvm/gems/ruby-2.5.1/bin/rake:23
  [1m[35m (4.5ms)[0m  [1m[35mCREATE TABLE "bank_accounts" ("id" bigserial primary key, "created_at" timestamp NOT NULL, "updated_at" timestamp NOT NULL)[0m
  ↳ db/migrate/20190408095059_create_bank_accounts.rb:3
  [1m[36mActiveRecord::SchemaMigration Create (0.6ms)[0m  [1m[32mINSERT INTO "schema_migrations" ("version") VALUES ($1) RETURNING "version"[0m  [["version", "20190408095059"]]
  ↳ /Users/wsd-127-71b/.rvm/gems/ruby-2.5.1/bin/rake:23
  [1m[35m (0.7ms)[0m  [1m[35mCOMMIT[0m
  ↳ /Users/wsd-127-71b/.rvm/gems/ruby-2.5.1/bin/rake:23
Migrating to AddUserRefToBankAccount (20190408095143)
  [1m[35m (0.5ms)[0m  [1m[35mBEGIN[0m
  ↳ /Users/wsd-127-71b/.rvm/gems/ruby-2.5.1/bin/rake:23
  [1m[35m (0.5ms)[0m  [1m[35mALTER TABLE "bank_accounts" ADD "user_id" bigint[0m
  ↳ db/migrate/20190408095143_add_user_ref_to_bank_account.rb:3
  [1m[35m (1.4ms)[0m  [1m[35mCREATE  INDEX  "index_bank_accounts_on_user_id" ON "bank_accounts"  ("user_id")[0m
  ↳ db/migrate/20190408095143_add_user_ref_to_bank_account.rb:3
  [1m[35m (2.1ms)[0m  [1m[35mALTER TABLE "bank_accounts" ADD CONSTRAINT "fk_rails_92daa8a387"
FOREIGN KEY ("user_id")
  REFERENCES "users" ("id")
[0m
  ↳ db/migrate/20190408095143_add_user_ref_to_bank_account.rb:3
  [1m[36mActiveRecord::SchemaMigration Create (0.4ms)[0m  [1m[32mINSERT INTO "schema_migrations" ("version") VALUES ($1) RETURNING "version"[0m  [["version", "20190408095143"]]
  ↳ /Users/wsd-127-71b/.rvm/gems/ruby-2.5.1/bin/rake:23
  [1m[35m (0.7ms)[0m  [1m[35mCOMMIT[0m
  ↳ /Users/wsd-127-71b/.rvm/gems/ruby-2.5.1/bin/rake:23
  [1m[36mActiveRecord::InternalMetadata Load (0.6ms)[0m  [1m[34mSELECT  "ar_internal_metadata".* FROM "ar_internal_metadata" WHERE "ar_internal_metadata"."key" = $1 LIMIT $2[0m  [["key", "environment"], ["LIMIT", 1]]
  ↳ /Users/wsd-127-71b/.rvm/gems/ruby-2.5.1/bin/rake:23
  [1m[35m (0.3ms)[0m  [1m[35mBEGIN[0m
  ↳ /Users/wsd-127-71b/.rvm/gems/ruby-2.5.1/bin/rake:23
  [1m[35m (0.2ms)[0m  [1m[35mCOMMIT[0m
  ↳ /Users/wsd-127-71b/.rvm/gems/ruby-2.5.1/bin/rake:23
  [1m[35m (0.3ms)[0m  [1m[34mSELECT pg_advisory_unlock(8580657166532318175)[0m
  ↳ /Users/wsd-127-71b/.rvm/gems/ruby-2.5.1/bin/rake:23
  [1m[35m (0.4ms)[0m  [1m[34mSELECT "schema_migrations"."version" FROM "schema_migrations" ORDER BY "schema_migrations"."version" ASC[0m
  ↳ /Users/wsd-127-71b/.rvm/gems/ruby-2.5.1/bin/rake:23
  [1m[35m (0.3ms)[0m  [1m[34mSELECT pg_try_advisory_lock(8580657166532318175)[0m
  ↳ /Users/wsd-127-71b/.rvm/gems/ruby-2.5.1/bin/rake:23
  [1m[35m (1.9ms)[0m  [1m[34mSELECT "schema_migrations"."version" FROM "schema_migrations" ORDER BY "schema_migrations"."version" ASC[0m
  ↳ /Users/wsd-127-71b/.rvm/gems/ruby-2.5.1/bin/rake:23
Migrating to AddCurrencyRefToBankAccount (20190408095833)
  [1m[35m (0.3ms)[0m  [1m[35mBEGIN[0m
  ↳ /Users/wsd-127-71b/.rvm/gems/ruby-2.5.1/bin/rake:23
  [1m[35m (1.4ms)[0m  [1m[35mALTER TABLE "bank_accounts" ADD "currency_id" bigint[0m
  ↳ db/migrate/20190408095833_add_currency_ref_to_bank_account.rb:3
  [1m[35m (2.9ms)[0m  [1m[35mCREATE  INDEX  "index_bank_accounts_on_currency_id" ON "bank_accounts"  ("currency_id")[0m
  ↳ db/migrate/20190408095833_add_currency_ref_to_bank_account.rb:3
  [1m[35m (4.1ms)[0m  [1m[35mALTER TABLE "bank_accounts" ADD CONSTRAINT "fk_rails_abcd7d3ded"
FOREIGN KEY ("currency_id")
  REFERENCES "currencies" ("id")
[0m
  ↳ db/migrate/20190408095833_add_currency_ref_to_bank_account.rb:3
  [1m[36mActiveRecord::SchemaMigration Create (0.9ms)[0m  [1m[32mINSERT INTO "schema_migrations" ("version") VALUES ($1) RETURNING "version"[0m  [["version", "20190408095833"]]
  ↳ /Users/wsd-127-71b/.rvm/gems/ruby-2.5.1/bin/rake:23
  [1m[35m (1.1ms)[0m  [1m[35mCOMMIT[0m
  ↳ /Users/wsd-127-71b/.rvm/gems/ruby-2.5.1/bin/rake:23
  [1m[36mActiveRecord::InternalMetadata Load (0.8ms)[0m  [1m[34mSELECT  "ar_internal_metadata".* FROM "ar_internal_metadata" WHERE "ar_internal_metadata"."key" = $1 LIMIT $2[0m  [["key", "environment"], ["LIMIT", 1]]
  ↳ /Users/wsd-127-71b/.rvm/gems/ruby-2.5.1/bin/rake:23
  [1m[35m (0.3ms)[0m  [1m[35mBEGIN[0m
  ↳ /Users/wsd-127-71b/.rvm/gems/ruby-2.5.1/bin/rake:23
  [1m[35m (0.2ms)[0m  [1m[35mCOMMIT[0m
  ↳ /Users/wsd-127-71b/.rvm/gems/ruby-2.5.1/bin/rake:23
  [1m[35m (0.4ms)[0m  [1m[34mSELECT pg_advisory_unlock(8580657166532318175)[0m
  ↳ /Users/wsd-127-71b/.rvm/gems/ruby-2.5.1/bin/rake:23
  [1m[35m (1.0ms)[0m  [1m[34mSELECT "schema_migrations"."version" FROM "schema_migrations" ORDER BY "schema_migrations"."version" ASC[0m
  ↳ /Users/wsd-127-71b/.rvm/gems/ruby-2.5.1/bin/rake:23
